<?xml version="1.0" encoding="UTF-8"?>
<testng-results ignored="0" total="1" passed="1" failed="0" skipped="0">
  <reporter-output>
  </reporter-output>
  <suite started-at="2022-11-08T11:25:09 GST" name="Selenium Automation Suite" finished-at="2022-11-08T11:25:17 GST" duration-ms="8065">
    <groups>
    </groups>
    <test started-at="2022-11-08T11:25:09 GST" name="Selenium practice blog automation tests" finished-at="2022-11-08T11:25:17 GST" duration-ms="8065">
      <class name="com.qa.practice.TestCases.UploadDownloadTest">
        <test-method is-config="true" signature="setUp()[pri:0, instance:com.qa.practice.TestCases.UploadDownloadTest@4f18837a]" started-at="2022-11-08T11:25:09 GST" name="setUp" finished-at="2022-11-08T11:25:17 GST" duration-ms="7953" status="PASS">
          <reporter-output>
          </reporter-output>
        </test-method> <!-- setUp -->
        <test-method signature="uploadTest()[pri:0, instance:com.qa.practice.TestCases.UploadDownloadTest@4f18837a]" started-at="2022-11-08T11:25:17 GST" name="uploadTest" finished-at="2022-11-08T11:25:17 GST" duration-ms="86" status="PASS">
          <reporter-output>
          </reporter-output>
        </test-method> <!-- uploadTest -->
      </class> <!-- com.qa.practice.TestCases.UploadDownloadTest -->
    </test> <!-- Selenium practice blog automation tests -->
  </suite> <!-- Selenium Automation Suite -->
</testng-results>
