<?xml version="1.0" encoding="UTF-8"?>
<testng-results ignored="0" total="1" passed="1" failed="0" skipped="0">
  <reporter-output>
  </reporter-output>
  <suite started-at="2022-11-03T09:08:15 GST" name="Selenium Automation Suite" finished-at="2022-11-03T09:08:24 GST" duration-ms="9054">
    <groups>
    </groups>
    <test started-at="2022-11-03T09:08:15 GST" name="Selenium practice blog automation tests" finished-at="2022-11-03T09:08:24 GST" duration-ms="9054">
      <class name="com.qa.practice.TestCases.NewTabTest">
        <test-method is-config="true" signature="setUp()[pri:0, instance:com.qa.practice.TestCases.NewTabTest@4f18837a]" started-at="2022-11-03T09:08:15 GST" name="setUp" finished-at="2022-11-03T09:08:23 GST" duration-ms="7941" status="PASS">
          <reporter-output>
          </reporter-output>
        </test-method> <!-- setUp -->
        <test-method signature="newTabTest()[pri:0, instance:com.qa.practice.TestCases.NewTabTest@4f18837a]" started-at="2022-11-03T09:08:23 GST" name="newTabTest" finished-at="2022-11-03T09:08:24 GST" duration-ms="1085" status="PASS">
          <reporter-output>
          </reporter-output>
        </test-method> <!-- newTabTest -->
      </class> <!-- com.qa.practice.TestCases.NewTabTest -->
    </test> <!-- Selenium practice blog automation tests -->
  </suite> <!-- Selenium Automation Suite -->
</testng-results>
